<?xml version="1.0" encoding="UTF-8"?>
<testng-results skipped="0" failed="0" total="1" passed="1">
  <reporter-output>
  </reporter-output>
  <suite name="Default suite" duration-ms="8510" started-at="2021-05-12T12:19:53Z" finished-at="2021-05-12T12:20:02Z">
    <groups>
    </groups>
    <test name="Default test" duration-ms="8510" started-at="2021-05-12T12:19:53Z" finished-at="2021-05-12T12:20:02Z">
      <class name="samplePro.ReportTest">
        <test-method status="PASS" signature="startTest()[pri:0, instance:samplePro.ReportTest@58651fd0]" name="startTest" is-config="true" duration-ms="364" started-at="2021-05-12T17:49:53Z" finished-at="2021-05-12T17:49:53Z">
          <reporter-output>
          </reporter-output>
        </test-method> <!-- startTest -->
        <test-method status="PASS" signature="f()[pri:0, instance:samplePro.ReportTest@58651fd0]" name="f" duration-ms="7542" started-at="2021-05-12T17:49:53Z" finished-at="2021-05-12T17:50:01Z">
          <reporter-output>
          </reporter-output>
        </test-method> <!-- f -->
        <test-method status="PASS" signature="endTest()[pri:0, instance:samplePro.ReportTest@58651fd0]" name="endTest" is-config="true" duration-ms="557" started-at="2021-05-12T17:50:01Z" finished-at="2021-05-12T17:50:02Z">
          <reporter-output>
          </reporter-output>
        </test-method> <!-- endTest -->
      </class> <!-- samplePro.ReportTest -->
    </test> <!-- Default test -->
  </suite> <!-- Default suite -->
</testng-results>
